Compiling the C compiler identification source file "CMakeCCompilerId.c" failed.
Compiler: /Applications/Xcode.app/Contents/Developer/Toolchains/XcodeDefault.xctoolchain/usr/bin/cc 
Build flags: 
Id flags:  

The output was:
1
ld: library not found for -lSystem
clang: error: linker command failed with exit code 1 (use -v to see invocation)


Compiling the CXX compiler identification source file "CMakeCXXCompilerId.cpp" failed.
Compiler: /Applications/Xcode.app/Contents/Developer/Toolchains/XcodeDefault.xctoolchain/usr/bin/c++ 
Build flags: 
Id flags:  

The output was:
1
ld: library not found for -lc++
clang: error: linker command failed with exit code 1 (use -v to see invocation)


Determining if the Q_WS_X11 exist failed with the following output:
Change Dir: /Users/sergeyabrosov/Desktop/Project/sklif-2022-23/valt/cmake-build-debug/CMakeFiles/CMakeTmp

Run Build Command(s):/Applications/CLion.app/Contents/bin/ninja/mac/ninja cmTC_8de0d && [1/2] Building CXX object CMakeFiles/cmTC_8de0d.dir/CheckSymbolExists.cxx.o
FAILED: CMakeFiles/cmTC_8de0d.dir/CheckSymbolExists.cxx.o 
/Applications/Xcode.app/Contents/Developer/Toolchains/XcodeDefault.xctoolchain/usr/bin/c++  -I/usr/local/include -F/usr/local/lib -std=gnu++11  -isysroot /Applications/Xcode.app/Contents/Developer/Platforms/MacOSX.platform/Developer/SDKs/MacOSX12.1.sdk -mmacosx-version-min=11.6 -MD -MT CMakeFiles/cmTC_8de0d.dir/CheckSymbolExists.cxx.o -MF CMakeFiles/cmTC_8de0d.dir/CheckSymbolExists.cxx.o.d -o CMakeFiles/cmTC_8de0d.dir/CheckSymbolExists.cxx.o -c /Users/sergeyabrosov/Desktop/Project/sklif-2022-23/valt/cmake-build-debug/CMakeFiles/CMakeTmp/CheckSymbolExists.cxx
/Users/sergeyabrosov/Desktop/Project/sklif-2022-23/valt/cmake-build-debug/CMakeFiles/CMakeTmp/CheckSymbolExists.cxx:8:19: error: use of undeclared identifier 'Q_WS_X11'
  return ((int*)(&Q_WS_X11))[argc];
                  ^
1 error generated.
ninja: build stopped: subcommand failed.


File /Users/sergeyabrosov/Desktop/Project/sklif-2022-23/valt/cmake-build-debug/CMakeFiles/CMakeTmp/CheckSymbolExists.cxx:
/* */
#include <QtCore/qglobal.h>

int main(int argc, char** argv)
{
  (void)argv;
#ifndef Q_WS_X11
  return ((int*)(&Q_WS_X11))[argc];
#else
  (void)argc;
  return 0;
#endif
}
Determining if the Q_WS_WIN exist failed with the following output:
Change Dir: /Users/sergeyabrosov/Desktop/Project/sklif-2022-23/valt/cmake-build-debug/CMakeFiles/CMakeTmp

Run Build Command(s):/Applications/CLion.app/Contents/bin/ninja/mac/ninja cmTC_97cb9 && [1/2] Building CXX object CMakeFiles/cmTC_97cb9.dir/CheckSymbolExists.cxx.o
FAILED: CMakeFiles/cmTC_97cb9.dir/CheckSymbolExists.cxx.o 
/Applications/Xcode.app/Contents/Developer/Toolchains/XcodeDefault.xctoolchain/usr/bin/c++  -I/usr/local/include -F/usr/local/lib -std=gnu++11  -isysroot /Applications/Xcode.app/Contents/Developer/Platforms/MacOSX.platform/Developer/SDKs/MacOSX12.1.sdk -mmacosx-version-min=11.6 -MD -MT CMakeFiles/cmTC_97cb9.dir/CheckSymbolExists.cxx.o -MF CMakeFiles/cmTC_97cb9.dir/CheckSymbolExists.cxx.o.d -o CMakeFiles/cmTC_97cb9.dir/CheckSymbolExists.cxx.o -c /Users/sergeyabrosov/Desktop/Project/sklif-2022-23/valt/cmake-build-debug/CMakeFiles/CMakeTmp/CheckSymbolExists.cxx
/Users/sergeyabrosov/Desktop/Project/sklif-2022-23/valt/cmake-build-debug/CMakeFiles/CMakeTmp/CheckSymbolExists.cxx:8:19: error: use of undeclared identifier 'Q_WS_WIN'
  return ((int*)(&Q_WS_WIN))[argc];
                  ^
1 error generated.
ninja: build stopped: subcommand failed.


File /Users/sergeyabrosov/Desktop/Project/sklif-2022-23/valt/cmake-build-debug/CMakeFiles/CMakeTmp/CheckSymbolExists.cxx:
/* */
#include <QtCore/qglobal.h>

int main(int argc, char** argv)
{
  (void)argv;
#ifndef Q_WS_WIN
  return ((int*)(&Q_WS_WIN))[argc];
#else
  (void)argc;
  return 0;
#endif
}
Determining if the Q_WS_QWS exist failed with the following output:
Change Dir: /Users/sergeyabrosov/Desktop/Project/sklif-2022-23/valt/cmake-build-debug/CMakeFiles/CMakeTmp

Run Build Command(s):/Applications/CLion.app/Contents/bin/ninja/mac/ninja cmTC_f2880 && [1/2] Building CXX object CMakeFiles/cmTC_f2880.dir/CheckSymbolExists.cxx.o
FAILED: CMakeFiles/cmTC_f2880.dir/CheckSymbolExists.cxx.o 
/Applications/Xcode.app/Contents/Developer/Toolchains/XcodeDefault.xctoolchain/usr/bin/c++  -I/usr/local/include -F/usr/local/lib -std=gnu++11  -isysroot /Applications/Xcode.app/Contents/Developer/Platforms/MacOSX.platform/Developer/SDKs/MacOSX12.1.sdk -mmacosx-version-min=11.6 -MD -MT CMakeFiles/cmTC_f2880.dir/CheckSymbolExists.cxx.o -MF CMakeFiles/cmTC_f2880.dir/CheckSymbolExists.cxx.o.d -o CMakeFiles/cmTC_f2880.dir/CheckSymbolExists.cxx.o -c /Users/sergeyabrosov/Desktop/Project/sklif-2022-23/valt/cmake-build-debug/CMakeFiles/CMakeTmp/CheckSymbolExists.cxx
/Users/sergeyabrosov/Desktop/Project/sklif-2022-23/valt/cmake-build-debug/CMakeFiles/CMakeTmp/CheckSymbolExists.cxx:8:19: error: use of undeclared identifier 'Q_WS_QWS'
  return ((int*)(&Q_WS_QWS))[argc];
                  ^
1 error generated.
ninja: build stopped: subcommand failed.


File /Users/sergeyabrosov/Desktop/Project/sklif-2022-23/valt/cmake-build-debug/CMakeFiles/CMakeTmp/CheckSymbolExists.cxx:
/* */
#include <QtCore/qglobal.h>

int main(int argc, char** argv)
{
  (void)argv;
#ifndef Q_WS_QWS
  return ((int*)(&Q_WS_QWS))[argc];
#else
  (void)argc;
  return 0;
#endif
}
